#
# There is insufficient memory for the Java Runtime Environment to continue.
# Native memory allocation (mmap) failed to map 268435456 bytes for Failed to commit area from 0x0000000700000000 to 0x0000000710000000 of length 268435456.
# Possible reasons:
#   The system is out of physical RAM or swap space
#   The process is running with CompressedOops enabled, and the Java Heap may be blocking the growth of the native heap
# Possible solutions:
#   Reduce memory load on the system
#   Increase physical memory or swap space
#   Check if swap backing store is full
#   Decrease Java heap size (-Xmx/-Xms)
#   Decrease number of Java threads
#   Decrease Java thread stack sizes (-Xss)
#   Set larger code cache with -XX:ReservedCodeCacheSize=
# This output file may be truncated or incomplete.
#
#  Out of Memory Error (./src/hotspot/os/windows/os_windows.cpp:3301), pid=16660, tid=17376
#
# JRE version:  (11.0.11+9) (build )
# Java VM: OpenJDK 64-Bit Server VM (11.0.11+9-b60-7590822, mixed mode, sharing, tiered, compressed oops, g1 gc, windows-amd64)
# No core dump will be written. Minidumps are not enabled by default on client versions of Windows
#

---------------  S U M M A R Y ------------

Command Line: org.jetbrains.git4idea.http.GitAskPassApp Username for 'https://github.com': 

Host: Intel(R) Xeon(R) Platinum 8171M CPU @ 2.60GHz, 4 cores, 15G,  Windows 10 , 64 bit Build 18362 (10.0.18362.2274)
Time: Mon Aug 29 02:27:14 2022 South Africa Standard Time elapsed time: 0.019651 seconds (0d 0h 0m 0s)

---------------  T H R E A D  ---------------

Current thread (0x000001bc669dc000):  JavaThread "Unknown thread" [_thread_in_vm, id=17376, stack(0x000000a6fbd00000,0x000000a6fbe00000)]

Stack: [0x000000a6fbd00000,0x000000a6fbe00000]
Native frames: (J=compiled Java code, j=interpreted, Vv=VM code, C=native code)
V  [jvm.dll+0x5f214a]
V  [jvm.dll+0x726fb5]
V  [jvm.dll+0x7285cd]
V  [jvm.dll+0x728c83]
V  [jvm.dll+0x243278]
V  [jvm.dll+0x5ef544]
V  [jvm.dll+0x5e4495]
V  [jvm.dll+0x2fec5b]
V  [jvm.dll+0x2febca]
V  [jvm.dll+0x2feaa2]
V  [jvm.dll+0x303986]
V  [jvm.dll+0x34c3a3]
V  [jvm.dll+0x34caa6]
V  [jvm.dll+0x34c4a3]
V  [jvm.dll+0x2d9688]
V  [jvm.dll+0x2da837]
V  [jvm.dll+0x705ba7]
V  [jvm.dll+0x70739c]
V  [jvm.dll+0x3598f9]
V  [jvm.dll+0x6e931e]
V  [jvm.dll+0x3c1c43]
V  [jvm.dll+0x3c3e81]
C  [jli.dll+0x5373]
C  [ucrtbase.dll+0x210b2]
C  [KERNEL32.DLL+0x17c24]
C  [ntdll.dll+0x6d721]


---------------  P R O C E S S  ---------------

Threads class SMR info:
_java_thread_list=0x000001bc64743530, length=0, elements={
}

Java Threads: ( => current thread )

Other Threads:
  0x000001bc669f6000 GCTaskThread "GC Thread#0" [stack: 0x000000a6fbe00000,0x000000a6fbf00000] [id=12364]
  0x000001bc66a54000 ConcurrentGCThread "G1 Main Marker" [stack: 0x000000a6fbf00000,0x000000a6fc000000] [id=8460]
  0x000001bc66a56800 ConcurrentGCThread "G1 Conc#0" [stack: 0x000000a6fc000000,0x000000a6fc100000] [id=972]

[error occurred during error reporting (printing all threads), id 0xc0000005, EXCEPTION_ACCESS_VIOLATION (0xc0000005) at pc=0x00007ff8eba29c47]

VM state:not at safepoint (not fully initialized)

VM Mutex/Monitor currently owned by a thread:  ([mutex/lock_event])
[0x000001bc669d7480] Heap_lock - owner thread: 0x000001bc669dc000

Heap address: 0x0000000700000000, size: 4096 MB, Compressed Oops mode: Non-zero based: 0x0000000700000000
Narrow klass base: 0x0000000000000000, Narrow klass shift: 0

GC Heap History (0 events):
No events

Deoptimization events (0 events):
No events

Classes redefined (0 events):
No events

Internal exceptions (0 events):
No events

Events (1 events):
Event: 0.011 Loaded shared library C:\Program Files\Android\Android Studio\jre\bin\zip.dll


Dynamic libraries:
0x00007ff6b2840000 - 0x00007ff6b284a000 	C:\Program Files\Android\Android Studio\jre\bin\java.exe
0x00007ff950fc0000 - 0x00007ff9511b0000 	C:\Windows\SYSTEM32\ntdll.dll
0x00007ff950970000 - 0x00007ff950a22000 	C:\Windows\System32\KERNEL32.DLL
0x00007ff94ea40000 - 0x00007ff94ece5000 	C:\Windows\System32\KERNELBASE.dll
0x00007ff94e940000 - 0x00007ff94ea3a000 	C:\Windows\System32\ucrtbase.dll
0x00007ff92d5f0000 - 0x00007ff92d607000 	C:\Program Files\Android\Android Studio\jre\bin\VCRUNTIME140.dll
0x00007ff92d5d0000 - 0x00007ff92d5e9000 	C:\Program Files\Android\Android Studio\jre\bin\jli.dll
0x00007ff950770000 - 0x00007ff950904000 	C:\Windows\System32\USER32.dll
0x00007ff94ee00000 - 0x00007ff94ee21000 	C:\Windows\System32\win32u.dll
0x00007ff945ab0000 - 0x00007ff945d34000 	C:\Windows\WinSxS\amd64_microsoft.windows.common-controls_6595b64144ccf1df_6.0.18362.2274_none_9e8067a5e45c3d75\COMCTL32.dll
0x00007ff950bb0000 - 0x00007ff950bd6000 	C:\Windows\System32\GDI32.dll
0x00007ff94fd50000 - 0x00007ff94fdee000 	C:\Windows\System32\msvcrt.dll
0x00007ff94eec0000 - 0x00007ff94f058000 	C:\Windows\System32\gdi32full.dll
0x00007ff950080000 - 0x00007ff9503b6000 	C:\Windows\System32\combase.dll
0x00007ff94e8a0000 - 0x00007ff94e93e000 	C:\Windows\System32\msvcp_win.dll
0x00007ff950430000 - 0x00007ff95054b000 	C:\Windows\System32\RPCRT4.dll
0x00007ff94ee30000 - 0x00007ff94eeb4000 	C:\Windows\System32\bcryptPrimitives.dll
0x00007ff950670000 - 0x00007ff95069e000 	C:\Windows\System32\IMM32.DLL
0x00007ff928c30000 - 0x00007ff928ccd000 	C:\Program Files\Android\Android Studio\jre\bin\msvcp140.dll
0x00007ff8eb740000 - 0x00007ff8ec215000 	C:\Program Files\Android\Android Studio\jre\bin\server\jvm.dll
0x00007ff94ffd0000 - 0x00007ff950075000 	C:\Windows\System32\ADVAPI32.dll
0x00007ff94f060000 - 0x00007ff94f0f8000 	C:\Windows\System32\sechost.dll
0x00007ff950f70000 - 0x00007ff950f78000 	C:\Windows\System32\PSAPI.DLL
0x00007ff937d30000 - 0x00007ff937d39000 	C:\Windows\SYSTEM32\WSOCK32.dll
0x00007ff950550000 - 0x00007ff9505bf000 	C:\Windows\System32\WS2_32.dll
0x00007ff946a00000 - 0x00007ff946a0a000 	C:\Windows\SYSTEM32\VERSION.dll
0x00007ff94b750000 - 0x00007ff94b774000 	C:\Windows\SYSTEM32\WINMM.dll
0x00007ff94b720000 - 0x00007ff94b74d000 	C:\Windows\SYSTEM32\WINMMBASE.dll
0x00007ff94e850000 - 0x00007ff94e89a000 	C:\Windows\System32\cfgmgr32.dll
0x00007ff94de80000 - 0x00007ff94de91000 	C:\Windows\System32\kernel.appcore.dll
0x00007ff90ad60000 - 0x00007ff90ad71000 	C:\Program Files\Android\Android Studio\jre\bin\verify.dll
0x00007ff942da0000 - 0x00007ff942f94000 	C:\Windows\SYSTEM32\DBGHELP.DLL
0x00007ff942d40000 - 0x00007ff942d6a000 	C:\Windows\SYSTEM32\dbgcore.DLL
0x00007ff9050b0000 - 0x00007ff9050d9000 	C:\Program Files\Android\Android Studio\jre\bin\java.dll
0x00007ff91da90000 - 0x00007ff91da9b000 	C:\Program Files\Android\Android Studio\jre\bin\jimage.dll
0x00007ff8f4500000 - 0x00007ff8f4518000 	C:\Program Files\Android\Android Studio\jre\bin\zip.dll

dbghelp: loaded successfully - version: 4.0.5 - missing functions: none
symbol engine: initialized successfully - sym options: 0x614 - pdb path: .;C:\Program Files\Android\Android Studio\jre\bin;C:\Windows\SYSTEM32;C:\Windows\WinSxS\amd64_microsoft.windows.common-controls_6595b64144ccf1df_6.0.18362.2274_none_9e8067a5e45c3d75;C:\Program Files\Android\Android Studio\jre\bin\server

VM Arguments:
java_command: org.jetbrains.git4idea.http.GitAskPassApp Username for 'https://github.com': 
java_class_path (initial): C:/Program Files/Android/Android Studio/plugins/git4idea/lib/git4idea-rt.jar;C:/Program Files/Android/Android Studio/lib/xmlrpc-2.0.1.jar;C:/Program Files/Android/Android Studio/lib/commons-codec-1.15.jar
Launcher Type: SUN_STANDARD

[Global flags]
     intx CICompilerCount                          = 3                                         {product} {ergonomic}
     uint ConcGCThreads                            = 1                                         {product} {ergonomic}
     uint G1ConcRefinementThreads                  = 4                                         {product} {ergonomic}
   size_t G1HeapRegionSize                         = 1048576                                   {product} {ergonomic}
    uintx GCDrainStackTargetSize                   = 64                                        {product} {ergonomic}
   size_t InitialHeapSize                          = 268435456                                 {product} {ergonomic}
   size_t MarkStackSize                            = 4194304                                   {product} {ergonomic}
   size_t MaxHeapSize                              = 4294967296                                {product} {ergonomic}
   size_t MinHeapDeltaBytes                        = 1048576                                   {product} {ergonomic}
    uintx NonNMethodCodeHeapSize                   = 5830732                                {pd product} {ergonomic}
    uintx NonProfiledCodeHeapSize                  = 122913754                              {pd product} {ergonomic}
    uintx ProfiledCodeHeapSize                     = 122913754                              {pd product} {ergonomic}
    uintx ReservedCodeCacheSize                    = 251658240                              {pd product} {ergonomic}
     bool SegmentedCodeCache                       = true                                      {product} {ergonomic}
     bool UseCompressedClassPointers               = true                                 {lp64_product} {ergonomic}
     bool UseCompressedOops                        = true                                 {lp64_product} {ergonomic}
     bool UseG1GC                                  = true                                      {product} {ergonomic}
     bool UseLargePagesIndividualAllocation        = false                                  {pd product} {ergonomic}

Logging:
Log output configuration:
 #0: stdout all=warning uptime,level,tags
 #1: stderr all=off uptime,level,tags

Environment Variables:
PATH=C:/Program Files/GitT/mingw64/libexec/git-core;C:/Program Files/GitT/mingw64/libexec/git-core;C:\Program Files\GitT\mingw64\bin;C:\Program Files\GitT\usr\bin;C:\Users\lab_services_student\bin;C:\Program Files (x86)\Microsoft SDKs\Azure\CLI2\wbin;C:\app\lab_services_student\product\18.0.0\dbhomeXE\bin;C:\Windows\system32;C:\Windows;C:\Windows\System32\Wbem;C:\Windows\System32\WindowsPowerShell\v1.0\;C:\Windows\System32\OpenSSH\;C:\Program Files\dotnet\;C:\Program Files\Microsoft SQL Server\130\Tools\Binn\;C:\Program Files\Microsoft SQL Server\Client SDK\ODBC\170\Tools\Binn\;C:\Program Files (x86)\Microsoft SQL Server\150\Tools\Binn\;C:\Program Files\Microsoft SQL Server\150\Tools\Binn\;C:\Program Files\Microsoft SQL Server\150\DTS\Binn\;C:\Program Files (x86)\Microsoft SQL Server\150\DTS\Binn\;C:\Program Files\Azure Data Studio\bin;C:\Program Files\nodejs\;C:\Program Files\Docker\Docker\resources\bin;C:\ProgramData\DockerDesktop\version-bin;C:\Program Files\GitT\cmd;C:\Program Files\MySQL\MySQL Shell 8.0\bin\;C:\Users\lab_services_student\AppData\Local\Microsoft\WindowsApps;C:\Users\lab_services_student\AppData\Local\Programs\Microsoft VS Code\bin;C:\Users\lab_services_student\.dotnet\tools;C:\Users\lab_services_student\AppData\Roaming\npm;C:\Users\lab_services_student\AppData\Local\GitHubDesktop\bin
USERNAME=lab_services_student
DISPLAY=:0.0
LC_ALL=en_US.UTF-8
OS=Windows_NT
PROCESSOR_IDENTIFIER=Intel64 Family 6 Model 85 Stepping 4, GenuineIntel



---------------  S Y S T E M  ---------------

OS: Windows 10 , 64 bit Build 18362 (10.0.18362.2274)
OS uptime: 0 days 3:47 hours
Hyper-V role detected

CPU:total 4 (initial active 4) (2 cores per cpu, 2 threads per core) family 6 model 85 stepping 4 microcode 0xffffffff, cmov, cx8, fxsr, mmx, sse, sse2, sse3, ssse3, sse4.1, sse4.2, popcnt, avx, avx2, aes, clmul, erms, rtm, 3dnowpref, lzcnt, ht, tsc, bmi1, bmi2, adx, fma

Memory: 4k page, system-wide physical 16383M (1888M free)
TotalPageFile size 20479M (AvailPageFile size 213M)
current process WorkingSet (physical memory assigned to process): 10M, peak: 10M
current process commit charge ("private bytes"): 52M, peak: 308M

vm_info: OpenJDK 64-Bit Server VM (11.0.11+9-b60-7590822) for windows-amd64 JRE (11.0.11+9-b60-7590822), built on Jul 29 2021 21:43:44 by "builder" with MS VC++ 14.0 (VS2015)

END.
